{"level":"info","message":"Tentative de connexion à MongoDB...","service":"mongodb","timestamp":"2025-05-22 10:12:26"}
{"level":"info","message":"Serveur démarré sur le port 5000","service":"mongodb","timestamp":"2025-05-22 10:12:26"}
{"error":"The `uri` parameter to `openUri()` must be a string, got \"undefined\". Make sure the first parameter to `mongoose.connect()` or `mongoose.createConnection()` is a string.","level":"error","maxRetries":5,"message":"Erreur de connexion MongoDB:","retryCount":0,"service":"mongodb","timestamp":"2025-05-22 10:12:26"}
{"level":"info","message":"Nouvelle tentative (1/5) dans 5 secondes...","service":"mongodb","timestamp":"2025-05-22 10:12:26"}
{"level":"info","message":"Tentative de connexion à MongoDB...","service":"mongodb","timestamp":"2025-05-22 10:12:31"}
{"error":"The `uri` parameter to `openUri()` must be a string, got \"undefined\". Make sure the first parameter to `mongoose.connect()` or `mongoose.createConnection()` is a string.","level":"error","maxRetries":5,"message":"Erreur de connexion MongoDB:","retryCount":1,"service":"mongodb","timestamp":"2025-05-22 10:12:31"}
{"level":"info","message":"Nouvelle tentative (2/5) dans 5 secondes...","service":"mongodb","timestamp":"2025-05-22 10:12:31"}
{"level":"info","message":"Tentative de connexion à MongoDB...","service":"mongodb","timestamp":"2025-05-22 10:12:36"}
{"error":"The `uri` parameter to `openUri()` must be a string, got \"undefined\". Make sure the first parameter to `mongoose.connect()` or `mongoose.createConnection()` is a string.","level":"error","maxRetries":5,"message":"Erreur de connexion MongoDB:","retryCount":2,"service":"mongodb","timestamp":"2025-05-22 10:12:36"}
{"level":"info","message":"Nouvelle tentative (3/5) dans 5 secondes...","service":"mongodb","timestamp":"2025-05-22 10:12:36"}
{"level":"info","message":"Tentative de connexion à MongoDB...","service":"mongodb","timestamp":"2025-05-22 10:12:41"}
{"error":"The `uri` parameter to `openUri()` must be a string, got \"undefined\". Make sure the first parameter to `mongoose.connect()` or `mongoose.createConnection()` is a string.","level":"error","maxRetries":5,"message":"Erreur de connexion MongoDB:","retryCount":3,"service":"mongodb","timestamp":"2025-05-22 10:12:41"}
{"level":"info","message":"Nouvelle tentative (4/5) dans 5 secondes...","service":"mongodb","timestamp":"2025-05-22 10:12:41"}
{"level":"info","message":"Tentative de connexion à MongoDB...","service":"mongodb","timestamp":"2025-05-22 10:12:46"}
{"error":"The `uri` parameter to `openUri()` must be a string, got \"undefined\". Make sure the first parameter to `mongoose.connect()` or `mongoose.createConnection()` is a string.","level":"error","maxRetries":5,"message":"Erreur de connexion MongoDB:","retryCount":4,"service":"mongodb","timestamp":"2025-05-22 10:12:46"}
{"level":"info","message":"Nouvelle tentative (5/5) dans 5 secondes...","service":"mongodb","timestamp":"2025-05-22 10:12:46"}
{"level":"info","message":"Tentative de connexion à MongoDB...","service":"mongodb","timestamp":"2025-05-22 10:12:51"}
{"level":"info","message":"Tentative de connexion à MongoDB...","service":"mongodb","timestamp":"2025-05-22 10:16:23"}
{"level":"info","message":"Serveur démarré sur le port 5000","service":"mongodb","timestamp":"2025-05-22 10:16:23"}
{"error":"connect ECONNREFUSED ::1:27017, connect ECONNREFUSED 127.0.0.1:27017","level":"error","maxRetries":5,"message":"Erreur de connexion MongoDB:","retryCount":0,"service":"mongodb","timestamp":"2025-05-22 10:16:28"}
{"level":"info","message":"Nouvelle tentative (1/5) dans 5 secondes...","service":"mongodb","timestamp":"2025-05-22 10:16:28"}
{"level":"info","message":"Tentative de connexion à MongoDB...","service":"mongodb","timestamp":"2025-05-22 10:16:33"}
{"error":"connect ECONNREFUSED ::1:27017, connect ECONNREFUSED 127.0.0.1:27017","level":"error","maxRetries":5,"message":"Erreur de connexion MongoDB:","retryCount":1,"service":"mongodb","timestamp":"2025-05-22 10:16:38"}
{"level":"info","message":"Nouvelle tentative (2/5) dans 5 secondes...","service":"mongodb","timestamp":"2025-05-22 10:16:38"}
{"level":"info","message":"Tentative de connexion à MongoDB...","service":"mongodb","timestamp":"2025-05-22 10:16:43"}
{"error":"connect ECONNREFUSED ::1:27017, connect ECONNREFUSED 127.0.0.1:27017","level":"error","maxRetries":5,"message":"Erreur de connexion MongoDB:","retryCount":2,"service":"mongodb","timestamp":"2025-05-22 10:16:48"}
{"level":"info","message":"Nouvelle tentative (3/5) dans 5 secondes...","service":"mongodb","timestamp":"2025-05-22 10:16:48"}
{"level":"info","message":"Tentative de connexion à MongoDB...","service":"mongodb","timestamp":"2025-05-22 10:16:53"}
{"error":"connect ECONNREFUSED ::1:27017, connect ECONNREFUSED 127.0.0.1:27017","level":"error","maxRetries":5,"message":"Erreur de connexion MongoDB:","retryCount":3,"service":"mongodb","timestamp":"2025-05-22 10:16:58"}
{"level":"info","message":"Nouvelle tentative (4/5) dans 5 secondes...","service":"mongodb","timestamp":"2025-05-22 10:16:58"}
{"level":"info","message":"Tentative de connexion à MongoDB...","service":"mongodb","timestamp":"2025-05-22 10:17:04"}
{"error":"connect ECONNREFUSED ::1:27017, connect ECONNREFUSED 127.0.0.1:27017","level":"error","maxRetries":5,"message":"Erreur de connexion MongoDB:","retryCount":4,"service":"mongodb","timestamp":"2025-05-22 10:17:09"}
{"level":"info","message":"Nouvelle tentative (5/5) dans 5 secondes...","service":"mongodb","timestamp":"2025-05-22 10:17:09"}
{"level":"info","message":"Tentative de connexion à MongoDB...","service":"mongodb","timestamp":"2025-05-22 10:17:14"}
{"error":"connect ECONNREFUSED ::1:27017, connect ECONNREFUSED 127.0.0.1:27017","level":"error","maxRetries":5,"message":"Erreur de connexion MongoDB:","retryCount":5,"service":"mongodb","timestamp":"2025-05-22 10:17:19"}
{"level":"info","message":"Tentative de connexion à MongoDB...","service":"mongodb","timestamp":"2025-05-22 10:19:07"}
{"level":"info","message":"Serveur démarré sur le port 5000","service":"mongodb","timestamp":"2025-05-22 10:19:07"}
{"error":"querySrv ENOTFOUND _mongodb._tcp.cluster0.mongodb.net","level":"error","maxRetries":5,"message":"Erreur de connexion MongoDB:","retryCount":0,"service":"mongodb","timestamp":"2025-05-22 10:19:07"}
{"level":"info","message":"Nouvelle tentative (1/5) dans 5 secondes...","service":"mongodb","timestamp":"2025-05-22 10:19:07"}
{"level":"info","message":"Tentative de connexion à MongoDB...","service":"mongodb","timestamp":"2025-05-22 10:19:12"}
{"error":"querySrv ENOTFOUND _mongodb._tcp.cluster0.mongodb.net","level":"error","maxRetries":5,"message":"Erreur de connexion MongoDB:","retryCount":1,"service":"mongodb","timestamp":"2025-05-22 10:19:12"}
{"level":"info","message":"Nouvelle tentative (2/5) dans 5 secondes...","service":"mongodb","timestamp":"2025-05-22 10:19:12"}
{"level":"info","message":"Tentative de connexion à MongoDB...","service":"mongodb","timestamp":"2025-05-22 10:19:17"}
{"error":"querySrv ENOTFOUND _mongodb._tcp.cluster0.mongodb.net","level":"error","maxRetries":5,"message":"Erreur de connexion MongoDB:","retryCount":2,"service":"mongodb","timestamp":"2025-05-22 10:19:17"}
{"level":"info","message":"Nouvelle tentative (3/5) dans 5 secondes...","service":"mongodb","timestamp":"2025-05-22 10:19:17"}
{"level":"info","message":"Tentative de connexion à MongoDB...","service":"mongodb","timestamp":"2025-05-22 10:19:22"}
{"error":"querySrv ENOTFOUND _mongodb._tcp.cluster0.mongodb.net","level":"error","maxRetries":5,"message":"Erreur de connexion MongoDB:","retryCount":3,"service":"mongodb","timestamp":"2025-05-22 10:19:22"}
{"level":"info","message":"Nouvelle tentative (4/5) dans 5 secondes...","service":"mongodb","timestamp":"2025-05-22 10:19:22"}
{"level":"info","message":"Tentative de connexion à MongoDB...","service":"mongodb","timestamp":"2025-05-22 10:19:27"}
{"error":"querySrv ENOTFOUND _mongodb._tcp.cluster0.mongodb.net","level":"error","maxRetries":5,"message":"Erreur de connexion MongoDB:","retryCount":4,"service":"mongodb","timestamp":"2025-05-22 10:19:27"}
{"level":"info","message":"Nouvelle tentative (5/5) dans 5 secondes...","service":"mongodb","timestamp":"2025-05-22 10:19:27"}
{"level":"info","message":"Tentative de connexion à MongoDB...","service":"mongodb","timestamp":"2025-05-22 10:19:32"}
{"error":"querySrv ENOTFOUND _mongodb._tcp.cluster0.mongodb.net","level":"error","maxRetries":5,"message":"Erreur de connexion MongoDB:","retryCount":5,"service":"mongodb","timestamp":"2025-05-22 10:19:32"}
{"level":"info","message":"Tentative de connexion à MongoDB...","service":"mongodb","timestamp":"2025-05-22 10:25:22"}
{"level":"info","message":"Serveur démarré sur le port 5000","service":"mongodb","timestamp":"2025-05-22 10:25:22"}
{"error":"Invalid scheme, expected connection string to start with \"mongodb://\" or \"mongodb+srv://\"","level":"error","maxRetries":5,"message":"Erreur de connexion MongoDB:","retryCount":0,"service":"mongodb","timestamp":"2025-05-22 10:25:22"}
{"level":"info","message":"Nouvelle tentative (1/5) dans 5 secondes...","service":"mongodb","timestamp":"2025-05-22 10:25:22"}
{"level":"info","message":"Tentative de connexion à MongoDB...","service":"mongodb","timestamp":"2025-05-22 10:25:27"}
{"error":"Invalid scheme, expected connection string to start with \"mongodb://\" or \"mongodb+srv://\"","level":"error","maxRetries":5,"message":"Erreur de connexion MongoDB:","retryCount":1,"service":"mongodb","timestamp":"2025-05-22 10:25:27"}
{"level":"info","message":"Nouvelle tentative (2/5) dans 5 secondes...","service":"mongodb","timestamp":"2025-05-22 10:25:27"}
{"level":"info","message":"Tentative de connexion à MongoDB...","service":"mongodb","timestamp":"2025-05-22 10:25:32"}
{"error":"Invalid scheme, expected connection string to start with \"mongodb://\" or \"mongodb+srv://\"","level":"error","maxRetries":5,"message":"Erreur de connexion MongoDB:","retryCount":2,"service":"mongodb","timestamp":"2025-05-22 10:25:32"}
{"level":"info","message":"Nouvelle tentative (3/5) dans 5 secondes...","service":"mongodb","timestamp":"2025-05-22 10:25:32"}
{"level":"info","message":"Tentative de connexion à MongoDB...","service":"mongodb","timestamp":"2025-05-22 10:25:37"}
{"error":"Invalid scheme, expected connection string to start with \"mongodb://\" or \"mongodb+srv://\"","level":"error","maxRetries":5,"message":"Erreur de connexion MongoDB:","retryCount":3,"service":"mongodb","timestamp":"2025-05-22 10:25:37"}
{"level":"info","message":"Nouvelle tentative (4/5) dans 5 secondes...","service":"mongodb","timestamp":"2025-05-22 10:25:37"}
{"level":"info","message":"Tentative de connexion à MongoDB...","service":"mongodb","timestamp":"2025-05-22 10:25:42"}
{"error":"Invalid scheme, expected connection string to start with \"mongodb://\" or \"mongodb+srv://\"","level":"error","maxRetries":5,"message":"Erreur de connexion MongoDB:","retryCount":4,"service":"mongodb","timestamp":"2025-05-22 10:25:42"}
{"level":"info","message":"Nouvelle tentative (5/5) dans 5 secondes...","service":"mongodb","timestamp":"2025-05-22 10:25:42"}
{"level":"info","message":"Tentative de connexion à MongoDB...","service":"mongodb","timestamp":"2025-05-22 10:25:47"}
{"level":"info","message":"Serveur TEST démarré sur le port 5000","service":"mongodb","timestamp":"2025-05-22 10:27:43"}
{"ip":"::1","level":"info","message":"Route utilisateur appelée","method":"GET","path":"/api/users/profile","service":"mongodb","timestamp":"2025-05-22 10:29:16"}
{"ip":"::1","level":"debug","message":"Requête API reçue","method":"GET","path":"/api/users/profile","service":"mongodb","timestamp":"2025-05-22 10:29:16","userAgent":"curl/7.68.0"}
{"level":"warn","message":"Mode sans authentification activé (NE PAS UTILISER EN PRODUCTION)","path":"/api/users/profile","service":"mongodb","timestamp":"2025-05-22 10:29:16"}
{"level":"error","message":"Erreur lors de la récupération du profil Cannot read properties of undefined (reading 'id')","service":"mongodb","stack":"TypeError: Cannot read properties of undefined (reading 'id')\n    at getProfile (/workspaces/TaskManagerLatestVersion/backend/controllers/auth.controller.js:308:47)\n    at Layer.handle [as handle_request] (/workspaces/TaskManagerLatestVersion/backend/node_modules/express/lib/router/layer.js:95:5)\n    at next (/workspaces/TaskManagerLatestVersion/backend/node_modules/express/lib/router/route.js:149:13)\n    at verifyToken (/workspaces/TaskManagerLatestVersion/backend/middleware/auth.js:60:12)\n    at Layer.handle [as handle_request] (/workspaces/TaskManagerLatestVersion/backend/node_modules/express/lib/router/layer.js:95:5)\n    at next (/workspaces/TaskManagerLatestVersion/backend/node_modules/express/lib/router/route.js:149:13)\n    at Route.dispatch (/workspaces/TaskManagerLatestVersion/backend/node_modules/express/lib/router/route.js:119:3)\n    at Layer.handle [as handle_request] (/workspaces/TaskManagerLatestVersion/backend/node_modules/express/lib/router/layer.js:95:5)\n    at /workspaces/TaskManagerLatestVersion/backend/node_modules/express/lib/router/index.js:284:15\n    at Function.process_params (/workspaces/TaskManagerLatestVersion/backend/node_modules/express/lib/router/index.js:346:12)","timestamp":"2025-05-22 10:29:16"}
{"ip":"::1","level":"info","message":"Route utilisateur appelée","method":"POST","path":"/api/users/login","service":"mongodb","timestamp":"2025-05-22 10:29:37"}
{"level":"error","message":"Erreur lors de la connexion Operation `users.findOne()` buffering timed out after 10000ms","service":"mongodb","stack":"MongooseError: Operation `users.findOne()` buffering timed out after 10000ms\n    at Timeout.<anonymous> (/workspaces/TaskManagerLatestVersion/backend/node_modules/mongoose/lib/drivers/node-mongodb-native/collection.js:185:23)\n    at listOnTimeout (node:internal/timers:581:17)\n    at process.processTimers (node:internal/timers:519:7)","timestamp":"2025-05-22 10:29:47"}
{"ip":"::1","level":"info","message":"Route utilisateur appelée","method":"POST","path":"/api/users/login","service":"mongodb","timestamp":"2025-05-22 10:29:47"}
{"level":"error","message":"Erreur lors de la connexion Operation `users.findOne()` buffering timed out after 10000ms","service":"mongodb","stack":"MongooseError: Operation `users.findOne()` buffering timed out after 10000ms\n    at Timeout.<anonymous> (/workspaces/TaskManagerLatestVersion/backend/node_modules/mongoose/lib/drivers/node-mongodb-native/collection.js:185:23)\n    at listOnTimeout (node:internal/timers:581:17)\n    at process.processTimers (node:internal/timers:519:7)","timestamp":"2025-05-22 10:29:57"}
{"level":"info","message":"Serveur TEST démarré sur le port 5000","service":"mongodb","timestamp":"2025-05-22 10:35:11"}
{"ip":"::1","level":"info","message":"Route utilisateur appelée","method":"POST","path":"/api/users/login","service":"mongodb","timestamp":"2025-05-22 10:35:26"}
{"level":"error","message":"Erreur lors de la connexion Operation `users.findOne()` buffering timed out after 10000ms","service":"mongodb","stack":"MongooseError: Operation `users.findOne()` buffering timed out after 10000ms\n    at Timeout.<anonymous> (/workspaces/TaskManagerLatestVersion/backend/node_modules/mongoose/lib/drivers/node-mongodb-native/collection.js:185:23)\n    at listOnTimeout (node:internal/timers:581:17)\n    at process.processTimers (node:internal/timers:519:7)","timestamp":"2025-05-22 10:35:36"}
{"level":"info","message":"Serveur TEST démarré sur le port 5000","service":"mongodb","timestamp":"2025-05-22 11:38:32"}
{"ip":"::1","level":"debug","message":"Requête API reçue","method":"GET","path":"/api/clients","service":"mongodb","timestamp":"2025-05-22 11:38:55","userAgent":"curl/7.68.0"}
{"level":"warn","message":"Accès sans token refusé","path":"/api/clients","service":"mongodb","timestamp":"2025-05-22 11:38:55"}
